TN:
SF:src\constants\routes.js
FN:13,(anonymous_0)
FNF:1
FNH:1
FNDA:27,(anonymous_0)
DA:6,6
DA:13,6
DA:14,27
DA:16,7
DA:18,6
DA:20,1
DA:22,12
DA:24,1
LF:8
LH:8
BRDA:14,0,0,7
BRDA:14,0,1,6
BRDA:14,0,2,1
BRDA:14,0,3,12
BRDA:14,0,4,1
BRF:5
BRH:5
end_of_record
TN:
SF:src\constants\usersTest.js
FNF:0
FNH:0
LF:0
LH:0
BRF:0
BRH:0
end_of_record
TN:
SF:src\containers\Bills.js
FN:7,(anonymous_0)
FN:14,(anonymous_1)
FN:15,(anonymous_2)
FN:20,(anonymous_3)
FN:24,(anonymous_4)
FN:31,(anonymous_5)
FN:36,(anonymous_6)
FN:38,(anonymous_7)
FNF:8
FNH:7
FNDA:4,(anonymous_0)
FNDA:8,(anonymous_1)
FNDA:4,(anonymous_2)
FNDA:0,(anonymous_3)
FNDA:9,(anonymous_4)
FNDA:1,(anonymous_5)
FNDA:1,(anonymous_6)
FNDA:4,(anonymous_7)
DA:8,4
DA:9,4
DA:10,4
DA:11,4
DA:12,4
DA:13,4
DA:14,4
DA:15,8
DA:17,4
DA:20,4
DA:21,0
DA:24,4
DA:25,9
DA:26,9
DA:27,9
DA:28,9
DA:31,4
DA:32,1
DA:33,1
DA:37,1
DA:39,4
DA:40,4
DA:48,0
DA:49,0
DA:56,1
DA:59,1
LF:26
LH:23
BRDA:12,0,0,2
BRDA:12,0,1,2
BRDA:14,1,0,3
BRDA:14,1,1,1
BRDA:32,2,0,1
BRDA:32,2,1,0
BRF:6
BRH:5
end_of_record
TN:
SF:src\containers\Dashboard.js
FN:8,(anonymous_0)
FN:10,(anonymous_1)
FN:30,(anonymous_2)
FN:55,(anonymous_3)
FN:56,(anonymous_4)
FN:59,(anonymous_5)
FN:71,(anonymous_6)
FN:75,(anonymous_7)
FN:76,(anonymous_8)
FN:77,(anonymous_9)
FN:81,(anonymous_10)
FN:88,(anonymous_11)
FN:93,(anonymous_12)
FN:110,(anonymous_13)
FN:111,(anonymous_14)
FN:114,(anonymous_15)
FN:124,(anonymous_16)
FN:134,(anonymous_17)
FN:149,(anonymous_18)
FN:150,(anonymous_19)
FN:157,(anonymous_20)
FN:162,(anonymous_21)
FN:164,(anonymous_22)
FN:172,(anonymous_23)
FNF:24
FNH:19
FNDA:44,(anonymous_0)
FNDA:104,(anonymous_1)
FNDA:6,(anonymous_2)
FNDA:6,(anonymous_3)
FNDA:6,(anonymous_4)
FNDA:5,(anonymous_5)
FNDA:14,(anonymous_6)
FNDA:0,(anonymous_7)
FNDA:0,(anonymous_8)
FNDA:0,(anonymous_9)
FNDA:1,(anonymous_10)
FNDA:3,(anonymous_11)
FNDA:12,(anonymous_12)
FNDA:0,(anonymous_13)
FNDA:0,(anonymous_14)
FNDA:1,(anonymous_15)
FNDA:1,(anonymous_16)
FNDA:5,(anonymous_17)
FNDA:20,(anonymous_18)
FNDA:3,(anonymous_19)
FNDA:5,(anonymous_20)
FNDA:3,(anonymous_21)
FNDA:12,(anonymous_22)
FNDA:2,(anonymous_23)
DA:8,6
DA:9,44
DA:14,104
DA:15,104
DA:20,0
DA:21,0
DA:26,104
DA:30,6
DA:31,6
DA:32,6
DA:34,6
DA:37,6
DA:55,6
DA:56,6
DA:59,6
DA:60,5
DA:62,3
DA:64,1
DA:66,1
DA:72,14
DA:73,14
DA:74,14
DA:75,14
DA:76,14
DA:77,14
DA:78,14
DA:81,14
DA:82,1
DA:83,1
DA:84,1
DA:85,1
DA:90,3
DA:91,3
DA:92,3
DA:93,3
DA:94,12
DA:96,3
DA:97,3
DA:98,3
DA:99,3
DA:101,0
DA:103,0
DA:106,0
DA:107,0
DA:109,3
DA:110,3
DA:111,3
DA:114,14
DA:115,1
DA:120,1
DA:121,1
DA:124,14
DA:125,1
DA:130,1
DA:131,1
DA:135,5
DA:136,5
DA:137,5
DA:138,5
DA:139,5
DA:141,5
DA:143,0
DA:144,0
DA:146,0
DA:149,5
DA:150,20
DA:153,5
DA:157,14
DA:158,5
DA:159,5
DA:163,3
DA:164,12
DA:170,3
DA:173,2
LF:74
LH:65
BRDA:9,0,0,26
BRDA:9,0,1,18
BRDA:9,1,0,44
BRDA:9,1,1,26
BRDA:14,2,0,104
BRDA:14,2,1,0
BRDA:22,3,0,0
BRDA:22,3,1,0
BRDA:32,4,0,0
BRDA:32,4,1,6
BRDA:34,5,0,0
BRDA:34,5,1,6
BRDA:56,6,0,5
BRDA:56,6,1,1
BRDA:56,7,0,6
BRDA:56,7,1,6
BRDA:60,8,0,3
BRDA:60,8,1,1
BRDA:60,8,2,1
BRDA:85,9,0,0
BRDA:85,9,1,1
BRDA:90,10,0,1
BRDA:90,10,1,2
BRDA:91,11,0,2
BRDA:91,11,1,1
BRDA:91,12,0,3
BRDA:91,12,1,1
BRDA:92,13,0,3
BRDA:92,13,1,0
BRDA:135,14,0,5
BRDA:135,14,1,0
BRDA:135,15,0,5
BRDA:135,15,1,2
BRDA:136,16,0,5
BRDA:136,16,1,0
BRDA:136,17,0,5
BRDA:136,17,1,2
BRDA:137,18,0,5
BRDA:137,18,1,0
BRDA:158,19,0,5
BRDA:158,19,1,0
BRF:41
BRH:30
end_of_record
TN:
SF:src\containers\Login.js
FN:7,(anonymous_0)
FN:18,(anonymous_1)
FN:30,(anonymous_2)
FN:32,(anonymous_3)
FN:41,(anonymous_4)
FN:52,(anonymous_5)
FN:54,(anonymous_6)
FN:63,(anonymous_7)
FN:69,(anonymous_8)
FN:78,(anonymous_9)
FN:90,(anonymous_10)
FNF:11
FNH:5
FNDA:4,(anonymous_0)
FNDA:2,(anonymous_1)
FNDA:0,(anonymous_2)
FNDA:2,(anonymous_3)
FNDA:2,(anonymous_4)
FNDA:0,(anonymous_5)
FNDA:2,(anonymous_6)
FNDA:0,(anonymous_7)
FNDA:0,(anonymous_8)
FNDA:0,(anonymous_9)
FNDA:0,(anonymous_10)
DA:3,3
DA:8,4
DA:9,4
DA:10,4
DA:11,4
DA:12,4
DA:13,4
DA:14,4
DA:15,4
DA:16,4
DA:18,4
DA:19,2
DA:20,2
DA:27,2
DA:28,2
DA:30,0
DA:33,2
DA:34,2
DA:35,2
DA:36,2
DA:41,4
DA:42,2
DA:43,2
DA:49,2
DA:50,2
DA:52,0
DA:55,2
DA:56,2
DA:57,2
DA:58,2
DA:63,4
DA:64,0
DA:65,0
DA:70,0
DA:73,0
DA:78,4
DA:79,0
DA:80,0
DA:91,0
DA:92,0
DA:95,0
LF:41
LH:30
BRDA:64,0,0,0
BRDA:64,0,1,0
BRDA:79,1,0,0
BRDA:79,1,1,0
BRF:4
BRH:0
end_of_record
TN:
SF:src\containers\Logout.js
FN:4,(anonymous_0)
FN:11,(anonymous_1)
FNF:2
FNH:2
FNDA:22,(anonymous_0)
FNDA:2,(anonymous_1)
DA:5,22
DA:6,22
DA:7,22
DA:8,22
DA:11,22
DA:12,2
DA:13,2
LF:7
LH:7
BRF:0
BRH:0
end_of_record
TN:
SF:src\containers\NewBill.js
FN:5,(anonymous_0)
FN:18,(anonymous_1)
FN:45,(anonymous_2)
FN:50,(anonymous_3)
FN:52,(anonymous_4)
FN:74,(anonymous_5)
FN:79,(anonymous_6)
FN:82,(anonymous_7)
FNF:8
FNH:7
FNDA:3,(anonymous_0)
FNDA:2,(anonymous_1)
FNDA:2,(anonymous_2)
FNDA:0,(anonymous_3)
FNDA:3,(anonymous_4)
FNDA:3,(anonymous_5)
FNDA:1,(anonymous_6)
FNDA:2,(anonymous_7)
DA:6,3
DA:7,3
DA:8,3
DA:9,3
DA:10,3
DA:11,3
DA:12,3
DA:13,3
DA:14,3
DA:15,3
DA:16,3
DA:18,3
DA:19,2
DA:20,2
DA:21,2
DA:22,2
DA:23,2
DA:26,2
DA:27,2
DA:28,2
DA:29,2
DA:32,2
DA:33,2
DA:34,2
DA:35,2
DA:37,2
DA:46,2
DA:47,2
DA:48,2
DA:49,2
DA:50,0
DA:52,3
DA:53,3
DA:54,3
DA:55,3
DA:56,3
DA:69,3
DA:70,3
DA:74,3
DA:75,3
DA:76,3
DA:80,1
DA:82,2
LF:43
LH:42
BRDA:28,0,0,2
BRDA:28,0,1,0
BRDA:63,1,0,3
BRDA:63,1,1,2
BRDA:75,2,0,3
BRDA:75,2,1,0
BRF:6
BRH:4
end_of_record
TN:
SF:src\views\Actions.js
FN:4,(anonymous_0)
FNF:1
FNH:1
FNDA:18,(anonymous_0)
DA:5,18
LF:1
LH:1
BRF:0
BRH:0
end_of_record
TN:
SF:src\views\BillsUI.js
FN:7,(anonymous_0)
FN:23,(anonymous_1)
FN:25,(anonymous_2)
FN:26,(anonymous_3)
FN:32,(anonymous_4)
FN:34,(anonymous_5)
FNF:6
FNH:6
FNDA:16,(anonymous_0)
FNDA:9,(anonymous_1)
FNDA:18,(anonymous_2)
FNDA:16,(anonymous_3)
FNDA:12,(anonymous_4)
FNDA:9,(anonymous_5)
DA:7,6
DA:8,16
DA:23,6
DA:24,9
DA:25,18
DA:26,16
DA:28,5
DA:34,12
DA:51,12
DA:52,1
DA:53,11
DA:54,2
DA:57,9
LF:13
LH:13
BRDA:24,0,0,4
BRDA:24,0,1,5
BRDA:24,1,0,9
BRDA:24,1,1,5
BRDA:51,2,0,1
BRDA:51,2,1,11
BRDA:53,3,0,2
BRDA:53,3,1,9
BRF:8
BRH:8
end_of_record
TN:
SF:src\views\DashboardFormUI.js
FN:7,(anonymous_0)
FN:24,(anonymous_1)
FNF:2
FNH:2
FNDA:10,(anonymous_0)
FNDA:10,(anonymous_1)
DA:7,10
DA:26,10
LF:2
LH:2
BRDA:79,0,0,7
BRDA:79,0,1,3
BRDA:92,1,0,7
BRDA:92,1,1,3
BRF:4
BRH:4
end_of_record
TN:
SF:src\views\DashboardUI.js
FN:8,(anonymous_0)
FNF:1
FNH:1
FNDA:21,(anonymous_0)
DA:10,21
DA:11,6
DA:12,15
DA:13,3
DA:16,12
LF:5
LH:5
BRDA:10,0,0,6
BRDA:10,0,1,15
BRDA:12,1,0,3
BRDA:12,1,1,12
BRDA:22,2,0,12
BRDA:22,2,1,7
BRDA:29,3,0,12
BRDA:29,3,1,7
BRDA:36,4,0,12
BRDA:36,4,1,7
BRF:10
BRH:10
end_of_record
TN:
SF:src\views\ErrorPage.js
FN:3,(anonymous_0)
FNF:1
FNH:1
FNDA:7,(anonymous_0)
DA:4,7
LF:1
LH:1
BRDA:12,0,0,6
BRDA:12,0,1,1
BRF:2
BRH:2
end_of_record
TN:
SF:src\views\LoadingPage.js
FN:3,(anonymous_0)
FNF:1
FNH:1
FNDA:8,(anonymous_0)
DA:5,8
LF:1
LH:1
BRF:0
BRH:0
end_of_record
TN:
SF:src\views\LoginUI.js
FN:2,(anonymous_0)
FNF:1
FNH:1
FNDA:14,(anonymous_0)
DA:4,14
LF:1
LH:1
BRF:0
BRH:0
end_of_record
TN:
SF:src\views\NewBillUI.js
FN:3,(anonymous_0)
FNF:1
FNH:1
FNDA:8,(anonymous_0)
DA:5,8
LF:1
LH:1
BRF:0
BRH:0
end_of_record
TN:
SF:src\views\VerticalLayout.js
FN:5,(anonymous_0)
FNF:1
FNH:1
FNDA:45,(anonymous_0)
DA:7,45
DA:8,45
DA:9,24
DA:11,45
DA:12,13
DA:29,32
LF:6
LH:6
BRDA:8,0,0,24
BRDA:8,0,1,21
BRDA:11,1,0,13
BRDA:11,1,1,32
BRDA:11,2,0,45
BRDA:11,2,1,30
BRF:6
BRH:6
end_of_record
